#
# There is insufficient memory for the Java Runtime Environment to continue.
# Native memory allocation (mmap) failed to map 119537664 bytes for committing reserved memory.
# Possible reasons:
#   The system is out of physical RAM or swap space
#   In 32 bit mode, the process size limit was hit
# Possible solutions:
#   Reduce memory load on the system
#   Increase physical memory or swap space
#   Check if swap backing store is full
#   Use 64 bit Java on a 64 bit OS
#   Decrease Java heap size (-Xmx/-Xms)
#   Decrease number of Java threads
#   Decrease Java thread stack sizes (-Xss)
#   Set larger code cache with -XX:ReservedCodeCacheSize=
# This output file may be truncated or incomplete.
#
#  Out of Memory Error (os_linux.cpp:2630), pid=5682, tid=0x00007ff0b3efe700
#
# JRE version: OpenJDK Runtime Environment (8.0_111-b14) (build 1.8.0_111-8u111-b14-2ubuntu0.16.04.2-b14)
# Java VM: OpenJDK 64-Bit Server VM (25.111-b14 mixed mode linux-amd64 compressed oops)
# Failed to write core dump. Core dumps have been disabled. To enable core dumping, try "ulimit -c unlimited" before starting Java again
#

---------------  T H R E A D  ---------------

Current thread (0x00007ff0d4077800):  VMThread [stack: 0x00007ff0b3dfe000,0x00007ff0b3eff000] [id=5691]

Stack: [0x00007ff0b3dfe000,0x00007ff0b3eff000],  sp=0x00007ff0b3efd4c0,  free space=1021k
Native frames: (J=compiled Java code, j=interpreted, Vv=VM code, C=native code)
V  [libjvm.so+0xa64d2b]
V  [libjvm.so+0x4c2dac]
V  [libjvm.so+0x8b3ba0]
V  [libjvm.so+0x8ae01e]
V  [libjvm.so+0x9288f6]
V  [libjvm.so+0x929c23]
V  [libjvm.so+0x9262d3]
V  [libjvm.so+0x92659c]
V  [libjvm.so+0x8d8433]
V  [libjvm.so+0xa669e2]
V  [libjvm.so+0xa6bab7]
V  [libjvm.so+0xa69287]
V  [libjvm.so+0xa6a70f]
V  [libjvm.so+0xa6ac01]
V  [libjvm.so+0x8b1082]

VM_Operation (0x00007ff0b319deb0): ParallelGCFailedAllocation, mode: safepoint, requested by thread 0x00007ff0d417a800


---------------  P R O C E S S  ---------------

Java Threads: ( => current thread )
  0x00007ff0d418b800 JavaThread "pool-2-thread-4" [_thread_blocked, id=5731, stack(0x00007ff0b2c9b000,0x00007ff0b2d9c000)]
  0x00007ff0d4189800 JavaThread "pool-2-thread-3" [_thread_blocked, id=5730, stack(0x00007ff0b2d9c000,0x00007ff0b2e9d000)]
  0x00007ff0d4188000 JavaThread "pool-2-thread-2" [_thread_blocked, id=5729, stack(0x00007ff0b2e9d000,0x00007ff0b2f9e000)]
  0x00007ff0d417c000 JavaThread "pool-3-thread-1" [_thread_blocked, id=5728, stack(0x00007ff0b2f9e000,0x00007ff0b309f000)]
  0x00007ff0d417a800 JavaThread "pool-2-thread-1" [_thread_blocked, id=5726, stack(0x00007ff0b309f000,0x00007ff0b31a0000)]
  0x00007ff0d40ba000 JavaThread "Service Thread" daemon [_thread_blocked, id=5698, stack(0x00007ff0b32a1000,0x00007ff0b33a2000)]
  0x00007ff0d40b3000 JavaThread "C1 CompilerThread2" daemon [_thread_blocked, id=5697, stack(0x00007ff0b33a2000,0x00007ff0b34a3000)]
  0x00007ff0d40b1000 JavaThread "C2 CompilerThread1" daemon [_thread_blocked, id=5696, stack(0x00007ff0b34a3000,0x00007ff0b35a4000)]
  0x00007ff0d40ae000 JavaThread "C2 CompilerThread0" daemon [_thread_blocked, id=5695, stack(0x00007ff0b35a4000,0x00007ff0b36a5000)]
  0x00007ff0d40ac000 JavaThread "Signal Dispatcher" daemon [_thread_blocked, id=5694, stack(0x00007ff0b36a5000,0x00007ff0b37a6000)]
  0x00007ff0d4083800 JavaThread "Finalizer" daemon [_thread_blocked, id=5693, stack(0x00007ff0b3bfc000,0x00007ff0b3cfd000)]
  0x00007ff0d407f000 JavaThread "Reference Handler" daemon [_thread_blocked, id=5692, stack(0x00007ff0b3cfd000,0x00007ff0b3dfe000)]
  0x00007ff0d400a000 JavaThread "main" [_thread_blocked, id=5685, stack(0x00007ff0dac42000,0x00007ff0dad43000)]

Other Threads:
=>0x00007ff0d4077800 VMThread [stack: 0x00007ff0b3dfe000,0x00007ff0b3eff000] [id=5691]
  0x00007ff0d40bc800 WatcherThread [stack: 0x00007ff0b31a0000,0x00007ff0b32a1000] [id=5699]

VM state:at safepoint (normal execution)

VM Mutex/Monitor currently owned by a thread:  ([mutex/lock_event])
[0x00007ff0d40067e0] Threads_lock - owner thread: 0x00007ff0d4077800
[0x00007ff0d4006ce0] Heap_lock - owner thread: 0x00007ff0d417a800

Heap:
 PSYoungGen      total 113664K, used 12795K [0x00000000eab00000, 0x00000000f2800000, 0x0000000100000000)
  eden space 100864K, 0% used [0x00000000eab00000,0x00000000eab00000,0x00000000f0d80000)
  from space 12800K, 99% used [0x00000000f0d80000,0x00000000f19feca8,0x00000000f1a00000)
  to   space 11264K, 0% used [0x00000000f1a00000,0x00000000f1a00000,0x00000000f2500000)
 ParOldGen       total 34304K, used 28962K [0x00000000c0000000, 0x00000000c2180000, 0x00000000eab00000)
  object space 34304K, 84% used [0x00000000c0000000,0x00000000c1c48a28,0x00000000c2180000)
 Metaspace       used 6112K, capacity 7024K, committed 7296K, reserved 1056768K
  class space    used 587K, capacity 616K, committed 640K, reserved 1048576K

Card table byte_map: [0x00007ff0c3ff6000,0x00007ff0c41f7000] byte_map_base: 0x00007ff0c39f6000

Marking Bits: (ParMarkBitMap*) 0x00007ff0d9f0d220
 Begin Bits: [0x00007ff0c1b9d000, 0x00007ff0c2b9d000)
 End Bits:   [0x00007ff0c2b9d000, 0x00007ff0c3b9d000)

Polling page: 0x00007ff0dad5f000

CodeCache: size=245760Kb used=6391Kb max_used=6391Kb free=239368Kb
 bounds [0x00007ff0c45b7000, 0x00007ff0c4c07000, 0x00007ff0d35b7000]
 total_blobs=1866 nmethods=1600 adapters=182
 compilation: enabled

Compilation events (10 events):
Event: 8,710 Thread 0x00007ff0d40b3000 nmethod 1873 0x00007ff0c4bf7910 code [0x00007ff0c4bf7a60, 0x00007ff0c4bf7bd0]
Event: 8,710 Thread 0x00007ff0d40b3000 1872       2       com.android.dx.ssa.back.SsaToRop::<init> (23 bytes)
Event: 8,710 Thread 0x00007ff0d40b3000 nmethod 1872 0x00007ff0c4bf7c50 code [0x00007ff0c4bf7dc0, 0x00007ff0c4bf7f68]
Event: 8,710 Thread 0x00007ff0d40b3000 1876       2       com.android.dx.ssa.back.FirstFitLocalCombiningAllocator$1::<init> (10 bytes)
Event: 8,710 Thread 0x00007ff0d40b3000 nmethod 1876 0x00007ff0c4bf8010 code [0x00007ff0c4bf8160, 0x00007ff0c4bf82d0]
Event: 8,710 Thread 0x00007ff0d40b3000 1883       2       com.android.dx.ssa.back.FirstFitLocalCombiningAllocator::allocateRegisters (37 bytes)
Event: 8,711 Thread 0x00007ff0d40b3000 nmethod 1883 0x00007ff0c4bf8350 code [0x00007ff0c4bf8520, 0x00007ff0c4bf87f8]
Event: 8,711 Thread 0x00007ff0d40b3000 1884       2       com.android.dx.ssa.back.FirstFitLocalCombiningAllocator::analyzeInstructions (16 bytes)
Event: 8,711 Thread 0x00007ff0d40b3000 nmethod 1884 0x00007ff0c4bf89d0 code [0x00007ff0c4bf8b40, 0x00007ff0c4bf8d28]
Event: 8,711 Thread 0x00007ff0d40b3000 1886       2       com.android.dx.cf.code.Ropper::<init> (213 bytes)

GC Heap History (10 events):
Event: 2,007 GC heap after
Heap after GC invocations=2 (full 0):
 PSYoungGen      total 27648K, used 2039K [0x00000000eab00000, 0x00000000ec800000, 0x0000000100000000)
  eden space 25600K, 0% used [0x00000000eab00000,0x00000000eab00000,0x00000000ec400000)
  from space 2048K, 99% used [0x00000000ec600000,0x00000000ec7fdc78,0x00000000ec800000)
  to   space 2048K, 0% used [0x00000000ec400000,0x00000000ec400000,0x00000000ec600000)
 ParOldGen       total 34304K, used 1314K [0x00000000c0000000, 0x00000000c2180000, 0x00000000eab00000)
  object space 34304K, 3% used [0x00000000c0000000,0x00000000c0148a18,0x00000000c2180000)
 Metaspace       used 5443K, capacity 6448K, committed 6528K, reserved 1056768K
  class space    used 581K, capacity 616K, committed 640K, reserved 1048576K
}
Event: 3,678 GC heap before
{Heap before GC invocations=3 (full 0):
 PSYoungGen      total 27648K, used 27639K [0x00000000eab00000, 0x00000000ec800000, 0x0000000100000000)
  eden space 25600K, 100% used [0x00000000eab00000,0x00000000ec400000,0x00000000ec400000)
  from space 2048K, 99% used [0x00000000ec600000,0x00000000ec7fdc78,0x00000000ec800000)
  to   space 2048K, 0% used [0x00000000ec400000,0x00000000ec400000,0x00000000ec600000)
 ParOldGen       total 34304K, used 1314K [0x00000000c0000000, 0x00000000c2180000, 0x00000000eab00000)
  object space 34304K, 3% used [0x00000000c0000000,0x00000000c0148a18,0x00000000c2180000)
 Metaspace       used 5809K, capacity 6768K, committed 7040K, reserved 1056768K
  class space    used 586K, capacity 616K, committed 640K, reserved 1048576K
Event: 3,721 GC heap after
Heap after GC invocations=3 (full 0):
 PSYoungGen      total 27648K, used 2032K [0x00000000eab00000, 0x00000000ee100000, 0x0000000100000000)
  eden space 25600K, 0% used [0x00000000eab00000,0x00000000eab00000,0x00000000ec400000)
  from space 2048K, 99% used [0x00000000ec400000,0x00000000ec5fc168,0x00000000ec600000)
  to   space 2048K, 0% used [0x00000000edf00000,0x00000000edf00000,0x00000000ee100000)
 ParOldGen       total 34304K, used 5944K [0x00000000c0000000, 0x00000000c2180000, 0x00000000eab00000)
  object space 34304K, 17% used [0x00000000c0000000,0x00000000c05ce090,0x00000000c2180000)
 Metaspace       used 5809K, capacity 6768K, committed 7040K, reserved 1056768K
  class space    used 586K, capacity 616K, committed 640K, reserved 1048576K
}
Event: 4,419 GC heap before
{Heap before GC invocations=4 (full 0):
 PSYoungGen      total 27648K, used 27632K [0x00000000eab00000, 0x00000000ee100000, 0x0000000100000000)
  eden space 25600K, 100% used [0x00000000eab00000,0x00000000ec400000,0x00000000ec400000)
  from space 2048K, 99% used [0x00000000ec400000,0x00000000ec5fc168,0x00000000ec600000)
  to   space 2048K, 0% used [0x00000000edf00000,0x00000000edf00000,0x00000000ee100000)
 ParOldGen       total 34304K, used 5944K [0x00000000c0000000, 0x00000000c2180000, 0x00000000eab00000)
  object space 34304K, 17% used [0x00000000c0000000,0x00000000c05ce090,0x00000000c2180000)
 Metaspace       used 5835K, capacity 6768K, committed 7040K, reserved 1056768K
  class space    used 586K, capacity 616K, committed 640K, reserved 1048576K
Event: 4,493 GC heap after
Heap after GC invocations=4 (full 0):
 PSYoungGen      total 53248K, used 2041K [0x00000000eab00000, 0x00000000ee100000, 0x0000000100000000)
  eden space 51200K, 0% used [0x00000000eab00000,0x00000000eab00000,0x00000000edd00000)
  from space 2048K, 99% used [0x00000000edf00000,0x00000000ee0fe430,0x00000000ee100000)
  to   space 2048K, 0% used [0x00000000edd00000,0x00000000edd00000,0x00000000edf00000)
 ParOldGen       total 34304K, used 9416K [0x00000000c0000000, 0x00000000c2180000, 0x00000000eab00000)
  object space 34304K, 27% used [0x00000000c0000000,0x00000000c0932268,0x00000000c2180000)
 Metaspace       used 5835K, capacity 6768K, committed 7040K, reserved 1056768K
  class space    used 586K, capacity 616K, committed 640K, reserved 1048576K
}
Event: 5,818 GC heap before
{Heap before GC invocations=5 (full 0):
 PSYoungGen      total 53248K, used 53241K [0x00000000eab00000, 0x00000000ee100000, 0x0000000100000000)
  eden space 51200K, 100% used [0x00000000eab00000,0x00000000edd00000,0x00000000edd00000)
  from space 2048K, 99% used [0x00000000edf00000,0x00000000ee0fe430,0x00000000ee100000)
  to   space 2048K, 0% used [0x00000000edd00000,0x00000000edd00000,0x00000000edf00000)
 ParOldGen       total 34304K, used 9416K [0x00000000c0000000, 0x00000000c2180000, 0x00000000eab00000)
  object space 34304K, 27% used [0x00000000c0000000,0x00000000c0932268,0x00000000c2180000)
 Metaspace       used 5915K, capacity 6832K, committed 7040K, reserved 1056768K
  class space    used 587K, capacity 616K, committed 640K, reserved 1048576K
Event: 5,942 GC heap after
Heap after GC invocations=5 (full 0):
 PSYoungGen      total 53248K, used 2025K [0x00000000eab00000, 0x00000000f2500000, 0x0000000100000000)
  eden space 51200K, 0% used [0x00000000eab00000,0x00000000eab00000,0x00000000edd00000)
  from space 2048K, 98% used [0x00000000edd00000,0x00000000edefa440,0x00000000edf00000)
  to   space 11264K, 0% used [0x00000000f1a00000,0x00000000f1a00000,0x00000000f2500000)
 ParOldGen       total 34304K, used 16965K [0x00000000c0000000, 0x00000000c2180000, 0x00000000eab00000)
  object space 34304K, 49% used [0x00000000c0000000,0x00000000c1091400,0x00000000c2180000)
 Metaspace       used 5915K, capacity 6832K, committed 7040K, reserved 1056768K
  class space    used 587K, capacity 616K, committed 640K, reserved 1048576K
}
Event: 6,809 GC heap before
{Heap before GC invocations=6 (full 0):
 PSYoungGen      total 53248K, used 53225K [0x00000000eab00000, 0x00000000f2500000, 0x0000000100000000)
  eden space 51200K, 100% used [0x00000000eab00000,0x00000000edd00000,0x00000000edd00000)
  from space 2048K, 98% used [0x00000000edd00000,0x00000000edefa440,0x00000000edf00000)
  to   space 11264K, 0% used [0x00000000f1a00000,0x00000000f1a00000,0x00000000f2500000)
 ParOldGen       total 34304K, used 16965K [0x00000000c0000000, 0x00000000c2180000, 0x00000000eab00000)
  object space 34304K, 49% used [0x00000000c0000000,0x00000000c1091400,0x00000000c2180000)
 Metaspace       used 5974K, capacity 6896K, committed 7040K, reserved 1056768K
  class space    used 587K, capacity 616K, committed 640K, reserved 1048576K
Event: 6,980 GC heap after
Heap after GC invocations=6 (full 0):
 PSYoungGen      total 112128K, used 9426K [0x00000000eab00000, 0x00000000f2800000, 0x0000000100000000)
  eden space 100864K, 0% used [0x00000000eab00000,0x00000000eab00000,0x00000000f0d80000)
  from space 11264K, 83% used [0x00000000f1a00000,0x00000000f2334a70,0x00000000f2500000)
  to   space 12800K, 0% used [0x00000000f0d80000,0x00000000f0d80000,0x00000000f1a00000)
 ParOldGen       total 34304K, used 16965K [0x00000000c0000000, 0x00000000c2180000, 0x00000000eab00000)
  object space 34304K, 49% used [0x00000000c0000000,0x00000000c1091400,0x00000000c2180000)
 Metaspace       used 5974K, capacity 6896K, committed 7040K, reserved 1056768K
  class space    used 587K, capacity 616K, committed 640K, reserved 1048576K
}
Event: 8,754 GC heap before
{Heap before GC invocations=7 (full 0):
 PSYoungGen      total 112128K, used 110290K [0x00000000eab00000, 0x00000000f2800000, 0x0000000100000000)
  eden space 100864K, 100% used [0x00000000eab00000,0x00000000f0d80000,0x00000000f0d80000)
  from space 11264K, 83% used [0x00000000f1a00000,0x00000000f2334a70,0x00000000f2500000)
  to   space 12800K, 0% used [0x00000000f0d80000,0x00000000f0d80000,0x00000000f1a00000)
 ParOldGen       total 34304K, used 16965K [0x00000000c0000000, 0x00000000c2180000, 0x00000000eab00000)
  object space 34304K, 49% used [0x00000000c0000000,0x00000000c1091400,0x00000000c2180000)
 Metaspace       used 6112K, capacity 7024K, committed 7296K, reserved 1056768K
  class space    used 587K, capacity 616K, committed 640K, reserved 1048576K

Deoptimization events (10 events):
Event: 4,294 Thread 0x00007ff0d400a000 Uncommon trap: reason=bimorphic action=maybe_recompile pc=0x00007ff0c488bd30 method=java.util.HashMap.getNode(ILjava/lang/Object;)Ljava/util/HashMap$Node; @ 126
Event: 4,294 Thread 0x00007ff0d400a000 Uncommon trap: reason=bimorphic action=maybe_recompile pc=0x00007ff0c488bd30 method=java.util.HashMap.getNode(ILjava/lang/Object;)Ljava/util/HashMap$Node; @ 126
Event: 4,294 Thread 0x00007ff0d400a000 Uncommon trap: reason=bimorphic action=maybe_recompile pc=0x00007ff0c488bd30 method=java.util.HashMap.getNode(ILjava/lang/Object;)Ljava/util/HashMap$Node; @ 126
Event: 4,294 Thread 0x00007ff0d400a000 Uncommon trap: reason=bimorphic action=maybe_recompile pc=0x00007ff0c488bd30 method=java.util.HashMap.getNode(ILjava/lang/Object;)Ljava/util/HashMap$Node; @ 126
Event: 4,295 Thread 0x00007ff0d400a000 Uncommon trap: reason=bimorphic action=maybe_recompile pc=0x00007ff0c4890ca8 method=java.util.HashMap.getNode(ILjava/lang/Object;)Ljava/util/HashMap$Node; @ 126
Event: 4,537 Thread 0x00007ff0d418b800 Uncommon trap: reason=null_check action=make_not_entrant pc=0x00007ff0c4882600 method=com.android.dx.ssa.SsaRenamer.getLocalForNewReg(I)Lcom/android/dx/rop/code/LocalItem; @ 19
Event: 4,537 Thread 0x00007ff0d418b800 Uncommon trap: reason=null_check action=make_not_entrant pc=0x00007ff0c4879dbc method=com.android.dx.ssa.SsaRenamer.getLocalForNewReg(I)Lcom/android/dx/rop/code/LocalItem; @ 19
Event: 5,645 Thread 0x00007ff0d417a800 Uncommon trap: reason=unstable_if action=reinterpret pc=0x00007ff0c493db84 method=com.android.dx.util.IntList.binarysearch(I)I @ 105
Event: 7,391 Thread 0x00007ff0d418b800 Uncommon trap: reason=unstable_if action=reinterpret pc=0x00007ff0c4aa28d0 method=com.android.dx.ssa.SCCP.simulateStmt(Lcom/android/dx/ssa/SsaInsn;)V @ 53
Event: 7,456 Thread 0x00007ff0d418b800 Uncommon trap: reason=bimorphic action=maybe_recompile pc=0x00007ff0c49d5a24 method=java.util.HashMap.putVal(ILjava/lang/Object;Ljava/lang/Object;ZZ)Ljava/lang/Object; @ 203

Internal exceptions (4 events):
Event: 0,036 Thread 0x00007ff0d400a000 Exception <a 'java/lang/NoSuchMethodError': Method sun.misc.Unsafe.defineClass(Ljava/lang/String;[BII)Ljava/lang/Class; name or signature does not match> (0x00000000eab07c78) thrown at [/build/openjdk-8-8jAw7G/openjdk-8-8u111-b14/src/hotspot/src/share/vm/
Event: 0,036 Thread 0x00007ff0d400a000 Exception <a 'java/lang/NoSuchMethodError': Method sun.misc.Unsafe.prefetchRead(Ljava/lang/Object;J)V name or signature does not match> (0x00000000eab07f60) thrown at [/build/openjdk-8-8jAw7G/openjdk-8-8u111-b14/src/hotspot/src/share/vm/prims/jni.cpp, lin
Event: 4,537 Thread 0x00007ff0d418b800 Implicit null exception at 0x00007ff0c4880087 to 0x00007ff0c48825dd
Event: 4,537 Thread 0x00007ff0d418b800 Implicit null exception at 0x00007ff0c4877aa3 to 0x00007ff0c4879d99

Events (10 events):
Event: 7,522 Thread 0x00007ff0d4189800 DEOPT UNPACKING pc=0x00007ff0c45fdf73 sp=0x00007ff0b2e9afc8 mode 0
Event: 7,688 Thread 0x00007ff0d417a800 DEOPT PACKING pc=0x00007ff0c4a166a1 sp=0x00007ff0b319e210
Event: 7,688 Thread 0x00007ff0d417a800 DEOPT UNPACKING pc=0x00007ff0c45fdf73 sp=0x00007ff0b319e018 mode 0
Event: 7,773 Thread 0x00007ff0d400a000 DEOPT PACKING pc=0x00007ff0c4a3de62 sp=0x00007ff0dad409c0
Event: 7,773 Thread 0x00007ff0d400a000 DEOPT UNPACKING pc=0x00007ff0c45fdf73 sp=0x00007ff0dad407a8 mode 0
Event: 7,821 Thread 0x00007ff0d418b800 DEOPT PACKING pc=0x00007ff0c4a420cd sp=0x00007ff0b2d99f30
Event: 7,821 Thread 0x00007ff0d418b800 DEOPT UNPACKING pc=0x00007ff0c45fdf73 sp=0x00007ff0b2d99cb8 mode 0
Event: 8,695 Thread 0x00007ff0d4189800 DEOPT PACKING pc=0x00007ff0c4a49ce3 sp=0x00007ff0b2e9b210
Event: 8,695 Thread 0x00007ff0d4189800 DEOPT UNPACKING pc=0x00007ff0c45fdf73 sp=0x00007ff0b2e9afa0 mode 0
Event: 8,745 Executing VM operation: ParallelGCFailedAllocation


Dynamic libraries:
00400000-00401000 r-xp 00000000 08:03 7741507                            /usr/lib/jvm/java-8-openjdk-amd64/jre/bin/java
00600000-00601000 r--p 00000000 08:03 7741507                            /usr/lib/jvm/java-8-openjdk-amd64/jre/bin/java
00601000-00602000 rw-p 00001000 08:03 7741507                            /usr/lib/jvm/java-8-openjdk-amd64/jre/bin/java
01d2c000-01d4d000 rw-p 00000000 00:00 0                                  [heap]
c0000000-c2180000 rw-p 00000000 00:00 0 
c2180000-eab00000 ---p 00000000 00:00 0 
eab00000-f2800000 rw-p 00000000 00:00 0 
f9a00000-100000000 ---p 00000000 00:00 0 
100000000-1000a0000 rw-p 00000000 00:00 0 
1000a0000-140000000 ---p 00000000 00:00 0 
7ff070000000-7ff070021000 rw-p 00000000 00:00 0 
7ff070021000-7ff074000000 ---p 00000000 00:00 0 
7ff078000000-7ff078021000 rw-p 00000000 00:00 0 
7ff078021000-7ff07c000000 ---p 00000000 00:00 0 
7ff07c000000-7ff07c027000 rw-p 00000000 00:00 0 
7ff07c027000-7ff080000000 ---p 00000000 00:00 0 
7ff080000000-7ff080021000 rw-p 00000000 00:00 0 
7ff080021000-7ff084000000 ---p 00000000 00:00 0 
7ff084000000-7ff084021000 rw-p 00000000 00:00 0 
7ff084021000-7ff088000000 ---p 00000000 00:00 0 
7ff088000000-7ff088021000 rw-p 00000000 00:00 0 
7ff088021000-7ff08c000000 ---p 00000000 00:00 0 
7ff08c000000-7ff08c021000 rw-p 00000000 00:00 0 
7ff08c021000-7ff090000000 ---p 00000000 00:00 0 
7ff090000000-7ff090587000 rw-p 00000000 00:00 0 
7ff090587000-7ff094000000 ---p 00000000 00:00 0 
7ff094000000-7ff0946dd000 rw-p 00000000 00:00 0 
7ff0946dd000-7ff098000000 ---p 00000000 00:00 0 
7ff098000000-7ff098021000 rw-p 00000000 00:00 0 
7ff098021000-7ff09c000000 ---p 00000000 00:00 0 
7ff09c000000-7ff09c78b000 rw-p 00000000 00:00 0 
7ff09c78b000-7ff0a0000000 ---p 00000000 00:00 0 
7ff0a0000000-7ff0a0021000 rw-p 00000000 00:00 0 
7ff0a0021000-7ff0a4000000 ---p 00000000 00:00 0 
7ff0a4000000-7ff0a4021000 rw-p 00000000 00:00 0 
7ff0a4021000-7ff0a8000000 ---p 00000000 00:00 0 
7ff0a8000000-7ff0a8021000 rw-p 00000000 00:00 0 
7ff0a8021000-7ff0ac000000 ---p 00000000 00:00 0 
7ff0ac000000-7ff0ac021000 rw-p 00000000 00:00 0 
7ff0ac021000-7ff0b0000000 ---p 00000000 00:00 0 
7ff0b2c9b000-7ff0b2c9e000 ---p 00000000 00:00 0 
7ff0b2c9e000-7ff0b2d9c000 rw-p 00000000 00:00 0 
7ff0b2d9c000-7ff0b2d9f000 ---p 00000000 00:00 0 
7ff0b2d9f000-7ff0b2e9d000 rw-p 00000000 00:00 0 
7ff0b2e9d000-7ff0b2ea0000 ---p 00000000 00:00 0 
7ff0b2ea0000-7ff0b2f9e000 rw-p 00000000 00:00 0 
7ff0b2f9e000-7ff0b2fa1000 ---p 00000000 00:00 0 
7ff0b2fa1000-7ff0b309f000 rw-p 00000000 00:00 0 
7ff0b309f000-7ff0b30a2000 ---p 00000000 00:00 0 
7ff0b30a2000-7ff0b31a0000 rw-p 00000000 00:00 0 
7ff0b31a0000-7ff0b31a1000 ---p 00000000 00:00 0 
7ff0b31a1000-7ff0b32a1000 rw-p 00000000 00:00 0 
7ff0b32a1000-7ff0b32a4000 ---p 00000000 00:00 0 
7ff0b32a4000-7ff0b33a2000 rw-p 00000000 00:00 0 
7ff0b33a2000-7ff0b33a5000 ---p 00000000 00:00 0 
7ff0b33a5000-7ff0b34a3000 rw-p 00000000 00:00 0 
7ff0b34a3000-7ff0b34a6000 ---p 00000000 00:00 0 
7ff0b34a6000-7ff0b35a4000 rw-p 00000000 00:00 0 
7ff0b35a4000-7ff0b35a7000 ---p 00000000 00:00 0 
7ff0b35a7000-7ff0b36a5000 rw-p 00000000 00:00 0 
7ff0b36a5000-7ff0b36a8000 ---p 00000000 00:00 0 
7ff0b36a8000-7ff0b37a6000 rw-p 00000000 00:00 0 
7ff0b37a6000-7ff0b3bfc000 r--p 00000000 08:03 7603092                    /usr/lib/locale/locale-archive
7ff0b3bfc000-7ff0b3bff000 ---p 00000000 00:00 0 
7ff0b3bff000-7ff0b3cfd000 rw-p 00000000 00:00 0 
7ff0b3cfd000-7ff0b3d00000 ---p 00000000 00:00 0 
7ff0b3d00000-7ff0b3dfe000 rw-p 00000000 00:00 0 
7ff0b3dfe000-7ff0b3dff000 ---p 00000000 00:00 0 
7ff0b3dff000-7ff0b4000000 rw-p 00000000 00:00 0 
7ff0b4000000-7ff0b4021000 rw-p 00000000 00:00 0 
7ff0b4021000-7ff0b8000000 ---p 00000000 00:00 0 
7ff0b8000000-7ff0b8021000 rw-p 00000000 00:00 0 
7ff0b8021000-7ff0bc000000 ---p 00000000 00:00 0 
7ff0bc000000-7ff0bc021000 rw-p 00000000 00:00 0 
7ff0bc021000-7ff0c0000000 ---p 00000000 00:00 0 
7ff0c0036000-7ff0c004d000 r--s 00101000 08:03 3015757                    /home/vlad/Downloads/behe-explorer-master/app/build/intermediates/exploded-aar/com.android.support/support-v4/24.1.1/jars/classes.jar
7ff0c004d000-7ff0c005b000 r--s 000e0000 08:03 1314106                    /home/vlad/Android/Sdk/build-tools/24.0.1/lib/dx.jar
7ff0c005b000-7ff0c0076000 r--s 001d5000 08:03 7735831                    /usr/lib/jvm/java-8-openjdk-amd64/jre/lib/ext/nashorn.jar
7ff0c0076000-7ff0c0080000 r--s 00116000 08:03 7738842                    /usr/lib/jvm/java-8-openjdk-amd64/jre/lib/ext/localedata.jar
7ff0c0080000-7ff0c009b000 r--s 00394000 08:03 7735830                    /usr/lib/jvm/java-8-openjdk-amd64/jre/lib/ext/cldrdata.jar
7ff0c009b000-7ff0c0f59000 rw-p 00000000 00:00 0 
7ff0c0f59000-7ff0c1127000 r--s 03bf1000 08:03 7739088                    /usr/lib/jvm/java-8-openjdk-amd64/jre/lib/rt.jar
7ff0c1127000-7ff0c181d000 rw-p 00000000 00:00 0 
7ff0c181d000-7ff0c199d000 ---p 00000000 00:00 0 
7ff0c199d000-7ff0c3b9d000 rw-p 00000000 00:00 0 
7ff0c3b9d000-7ff0c3b9e000 ---p 00000000 00:00 0 
7ff0c3b9e000-7ff0c3c9e000 rw-p 00000000 00:00 0 
7ff0c3c9e000-7ff0c3c9f000 ---p 00000000 00:00 0 
7ff0c3c9f000-7ff0c3d9f000 rw-p 00000000 00:00 0 
7ff0c3d9f000-7ff0c3da0000 ---p 00000000 00:00 0 
7ff0c3da0000-7ff0c3eb1000 rw-p 00000000 00:00 0 
7ff0c3eb1000-7ff0c3ff6000 ---p 00000000 00:00 0 
7ff0c3ff6000-7ff0c4007000 rw-p 00000000 00:00 0 
7ff0c4007000-7ff0c414b000 ---p 00000000 00:00 0 
7ff0c414b000-7ff0c418a000 rw-p 00000000 00:00 0 
7ff0c418a000-7ff0c41f6000 ---p 00000000 00:00 0 
7ff0c41f6000-7ff0c4211000 rw-p 00000000 00:00 0 
7ff0c4211000-7ff0c45b7000 ---p 00000000 00:00 0 
7ff0c45b7000-7ff0c4c07000 rwxp 00000000 00:00 0 
7ff0c4c07000-7ff0d35b7000 ---p 00000000 00:00 0 
7ff0d35b7000-7ff0d35bf000 r-xp 00000000 08:03 7735756                    /usr/lib/jvm/java-8-openjdk-amd64/jre/lib/amd64/libzip.so
7ff0d35bf000-7ff0d37be000 ---p 00008000 08:03 7735756                    /usr/lib/jvm/java-8-openjdk-amd64/jre/lib/amd64/libzip.so
7ff0d37be000-7ff0d37bf000 r--p 00007000 08:03 7735756                    /usr/lib/jvm/java-8-openjdk-amd64/jre/lib/amd64/libzip.so
7ff0d37bf000-7ff0d37c0000 rw-p 00008000 08:03 7735756                    /usr/lib/jvm/java-8-openjdk-amd64/jre/lib/amd64/libzip.so
7ff0d37c0000-7ff0d37cb000 r-xp 00000000 08:03 6430235                    /lib/x86_64-linux-gnu/libnss_files-2.23.so
7ff0d37cb000-7ff0d39ca000 ---p 0000b000 08:03 6430235                    /lib/x86_64-linux-gnu/libnss_files-2.23.so
7ff0d39ca000-7ff0d39cb000 r--p 0000a000 08:03 6430235                    /lib/x86_64-linux-gnu/libnss_files-2.23.so
7ff0d39cb000-7ff0d39cc000 rw-p 0000b000 08:03 6430235                    /lib/x86_64-linux-gnu/libnss_files-2.23.so
7ff0d39cc000-7ff0d39d2000 rw-p 00000000 00:00 0 
7ff0d39d2000-7ff0d39dd000 r-xp 00000000 08:03 6430232                    /lib/x86_64-linux-gnu/libnss_nis-2.23.so
7ff0d39dd000-7ff0d3bdc000 ---p 0000b000 08:03 6430232                    /lib/x86_64-linux-gnu/libnss_nis-2.23.so
7ff0d3bdc000-7ff0d3bdd000 r--p 0000a000 08:03 6430232                    /lib/x86_64-linux-gnu/libnss_nis-2.23.so
7ff0d3bdd000-7ff0d3bde000 rw-p 0000b000 08:03 6430232                    /lib/x86_64-linux-gnu/libnss_nis-2.23.so
7ff0d3bde000-7ff0d3bf4000 r-xp 00000000 08:03 6430230                    /lib/x86_64-linux-gnu/libnsl-2.23.so
7ff0d3bf4000-7ff0d3df3000 ---p 00016000 08:03 6430230                    /lib/x86_64-linux-gnu/libnsl-2.23.so
7ff0d3df3000-7ff0d3df4000 r--p 00015000 08:03 6430230                    /lib/x86_64-linux-gnu/libnsl-2.23.so
7ff0d3df4000-7ff0d3df5000 rw-p 00016000 08:03 6430230                    /lib/x86_64-linux-gnu/libnsl-2.23.so
7ff0d3df5000-7ff0d3df7000 rw-p 00000000 00:00 0 
7ff0d3df7000-7ff0d3dff000 r-xp 00000000 08:03 6422618                    /lib/x86_64-linux-gnu/libnss_compat-2.23.so
7ff0d3dff000-7ff0d3ffe000 ---p 00008000 08:03 6422618                    /lib/x86_64-linux-gnu/libnss_compat-2.23.so
7ff0d3ffe000-7ff0d3fff000 r--p 00007000 08:03 6422618                    /lib/x86_64-linux-gnu/libnss_compat-2.23.so
7ff0d3fff000-7ff0d4000000 rw-p 00008000 08:03 6422618                    /lib/x86_64-linux-gnu/libnss_compat-2.23.so
7ff0d4000000-7ff0d41d8000 rw-p 00000000 00:00 0 
7ff0d41d8000-7ff0d8000000 ---p 00000000 00:00 0 
7ff0d8006000-7ff0d8007000 ---p 00000000 00:00 0 
7ff0d8007000-7ff0d8107000 rw-p 00000000 00:00 0 
7ff0d8107000-7ff0d8134000 r-xp 00000000 08:03 7735750                    /usr/lib/jvm/java-8-openjdk-amd64/jre/lib/amd64/libjava.so
7ff0d8134000-7ff0d8333000 ---p 0002d000 08:03 7735750                    /usr/lib/jvm/java-8-openjdk-amd64/jre/lib/amd64/libjava.so
7ff0d8333000-7ff0d8334000 r--p 0002c000 08:03 7735750                    /usr/lib/jvm/java-8-openjdk-amd64/jre/lib/amd64/libjava.so
7ff0d8334000-7ff0d8336000 rw-p 0002d000 08:03 7735750                    /usr/lib/jvm/java-8-openjdk-amd64/jre/lib/amd64/libjava.so
7ff0d8336000-7ff0d8345000 r-xp 00000000 08:03 7735754                    /usr/lib/jvm/java-8-openjdk-amd64/jre/lib/amd64/libverify.so
7ff0d8345000-7ff0d8544000 ---p 0000f000 08:03 7735754                    /usr/lib/jvm/java-8-openjdk-amd64/jre/lib/amd64/libverify.so
7ff0d8544000-7ff0d8546000 r--p 0000e000 08:03 7735754                    /usr/lib/jvm/java-8-openjdk-amd64/jre/lib/amd64/libverify.so
7ff0d8546000-7ff0d8547000 rw-p 00010000 08:03 7735754                    /usr/lib/jvm/java-8-openjdk-amd64/jre/lib/amd64/libverify.so
7ff0d8547000-7ff0d854e000 r-xp 00000000 08:03 6430244                    /lib/x86_64-linux-gnu/librt-2.23.so
7ff0d854e000-7ff0d874d000 ---p 00007000 08:03 6430244                    /lib/x86_64-linux-gnu/librt-2.23.so
7ff0d874d000-7ff0d874e000 r--p 00006000 08:03 6430244                    /lib/x86_64-linux-gnu/librt-2.23.so
7ff0d874e000-7ff0d874f000 rw-p 00007000 08:03 6430244                    /lib/x86_64-linux-gnu/librt-2.23.so
7ff0d874f000-7ff0d8765000 r-xp 00000000 08:03 6427127                    /lib/x86_64-linux-gnu/libgcc_s.so.1
7ff0d8765000-7ff0d8964000 ---p 00016000 08:03 6427127                    /lib/x86_64-linux-gnu/libgcc_s.so.1
7ff0d8964000-7ff0d8965000 rw-p 00015000 08:03 6427127                    /lib/x86_64-linux-gnu/libgcc_s.so.1
7ff0d8965000-7ff0d8a6d000 r-xp 00000000 08:03 6430241                    /lib/x86_64-linux-gnu/libm-2.23.so
7ff0d8a6d000-7ff0d8c6c000 ---p 00108000 08:03 6430241                    /lib/x86_64-linux-gnu/libm-2.23.so
7ff0d8c6c000-7ff0d8c6d000 r--p 00107000 08:03 6430241                    /lib/x86_64-linux-gnu/libm-2.23.so
7ff0d8c6d000-7ff0d8c6e000 rw-p 00108000 08:03 6430241                    /lib/x86_64-linux-gnu/libm-2.23.so
7ff0d8c6e000-7ff0d8de0000 r-xp 00000000 08:03 7604357                    /usr/lib/x86_64-linux-gnu/libstdc++.so.6.0.21
7ff0d8de0000-7ff0d8fe0000 ---p 00172000 08:03 7604357                    /usr/lib/x86_64-linux-gnu/libstdc++.so.6.0.21
7ff0d8fe0000-7ff0d8fea000 r--p 00172000 08:03 7604357                    /usr/lib/x86_64-linux-gnu/libstdc++.so.6.0.21
7ff0d8fea000-7ff0d8fec000 rw-p 0017c000 08:03 7604357                    /usr/lib/x86_64-linux-gnu/libstdc++.so.6.0.21
7ff0d8fec000-7ff0d8ff0000 rw-p 00000000 00:00 0 
7ff0d8ff0000-7ff0d9c3f000 r-xp 00000000 08:03 7735757                    /usr/lib/jvm/java-8-openjdk-amd64/jre/lib/amd64/server/libjvm.so
7ff0d9c3f000-7ff0d9e3e000 ---p 00c4f000 08:03 7735757                    /usr/lib/jvm/java-8-openjdk-amd64/jre/lib/amd64/server/libjvm.so
7ff0d9e3e000-7ff0d9ed1000 r--p 00c4e000 08:03 7735757                    /usr/lib/jvm/java-8-openjdk-amd64/jre/lib/amd64/server/libjvm.so
7ff0d9ed1000-7ff0d9efa000 rw-p 00ce1000 08:03 7735757                    /usr/lib/jvm/java-8-openjdk-amd64/jre/lib/amd64/server/libjvm.so
7ff0d9efa000-7ff0d9f2a000 rw-p 00000000 00:00 0 
7ff0d9f2a000-7ff0d9f42000 r-xp 00000000 08:03 6430248                    /lib/x86_64-linux-gnu/libpthread-2.23.so
7ff0d9f42000-7ff0da141000 ---p 00018000 08:03 6430248                    /lib/x86_64-linux-gnu/libpthread-2.23.so
7ff0da141000-7ff0da142000 r--p 00017000 08:03 6430248                    /lib/x86_64-linux-gnu/libpthread-2.23.so
7ff0da142000-7ff0da143000 rw-p 00018000 08:03 6430248                    /lib/x86_64-linux-gnu/libpthread-2.23.so
7ff0da143000-7ff0da147000 rw-p 00000000 00:00 0 
7ff0da147000-7ff0da14a000 r-xp 00000000 08:03 6430250                    /lib/x86_64-linux-gnu/libdl-2.23.so
7ff0da14a000-7ff0da349000 ---p 00003000 08:03 6430250                    /lib/x86_64-linux-gnu/libdl-2.23.so
7ff0da349000-7ff0da34a000 r--p 00002000 08:03 6430250                    /lib/x86_64-linux-gnu/libdl-2.23.so
7ff0da34a000-7ff0da34b000 rw-p 00003000 08:03 6430250                    /lib/x86_64-linux-gnu/libdl-2.23.so
7ff0da34b000-7ff0da364000 r-xp 00000000 08:03 6427280                    /lib/x86_64-linux-gnu/libz.so.1.2.8
7ff0da364000-7ff0da563000 ---p 00019000 08:03 6427280                    /lib/x86_64-linux-gnu/libz.so.1.2.8
7ff0da563000-7ff0da564000 r--p 00018000 08:03 6427280                    /lib/x86_64-linux-gnu/libz.so.1.2.8
7ff0da564000-7ff0da565000 rw-p 00019000 08:03 6427280                    /lib/x86_64-linux-gnu/libz.so.1.2.8
7ff0da565000-7ff0da724000 r-xp 00000000 08:03 6430249                    /lib/x86_64-linux-gnu/libc-2.23.so
7ff0da724000-7ff0da924000 ---p 001bf000 08:03 6430249                    /lib/x86_64-linux-gnu/libc-2.23.so
7ff0da924000-7ff0da928000 r--p 001bf000 08:03 6430249                    /lib/x86_64-linux-gnu/libc-2.23.so
7ff0da928000-7ff0da92a000 rw-p 001c3000 08:03 6430249                    /lib/x86_64-linux-gnu/libc-2.23.so
7ff0da92a000-7ff0da92e000 rw-p 00000000 00:00 0 
7ff0da92e000-7ff0da93b000 r-xp 00000000 08:03 7735753                    /usr/lib/jvm/java-8-openjdk-amd64/jre/lib/amd64/jli/libjli.so
7ff0da93b000-7ff0dab3b000 ---p 0000d000 08:03 7735753                    /usr/lib/jvm/java-8-openjdk-amd64/jre/lib/amd64/jli/libjli.so
7ff0dab3b000-7ff0dab3c000 r--p 0000d000 08:03 7735753                    /usr/lib/jvm/java-8-openjdk-amd64/jre/lib/amd64/jli/libjli.so
7ff0dab3c000-7ff0dab3d000 rw-p 0000e000 08:03 7735753                    /usr/lib/jvm/java-8-openjdk-amd64/jre/lib/amd64/jli/libjli.so
7ff0dab3d000-7ff0dab63000 r-xp 00000000 08:03 6430245                    /lib/x86_64-linux-gnu/ld-2.23.so
7ff0dab65000-7ff0dab69000 r--s 00037000 08:03 7735833                    /usr/lib/jvm/java-8-openjdk-amd64/jre/lib/ext/sunpkcs11.jar
7ff0dab69000-7ff0dac42000 rw-p 00000000 00:00 0 
7ff0dac42000-7ff0dac45000 ---p 00000000 00:00 0 
7ff0dac45000-7ff0dad48000 rw-p 00000000 00:00 0 
7ff0dad48000-7ff0dad4a000 r--s 00001000 08:03 7738845                    /usr/lib/jvm/java-8-openjdk-amd64/jre/lib/ext/dnsns.jar
7ff0dad4a000-7ff0dad4b000 r--s 0000a000 08:03 7735834                    /usr/lib/jvm/java-8-openjdk-amd64/jre/lib/ext/jaccess.jar
7ff0dad4b000-7ff0dad4d000 r--s 00008000 08:03 7735835                    /usr/lib/jvm/java-8-openjdk-amd64/jre/lib/ext/sunec.jar
7ff0dad4d000-7ff0dad50000 r--s 0000f000 08:03 7738844                    /usr/lib/jvm/java-8-openjdk-amd64/jre/lib/ext/icedtea-sound.jar
7ff0dad50000-7ff0dad55000 r--s 0003b000 08:03 7735832                    /usr/lib/jvm/java-8-openjdk-amd64/jre/lib/ext/sunjce_provider.jar
7ff0dad55000-7ff0dad56000 r--s 00010000 08:03 7738843                    /usr/lib/jvm/java-8-openjdk-amd64/jre/lib/ext/zipfs.jar
7ff0dad56000-7ff0dad5e000 rw-s 00000000 08:03 7340538                    /tmp/hsperfdata_vlad/5682
7ff0dad5e000-7ff0dad5f000 rw-p 00000000 00:00 0 
7ff0dad5f000-7ff0dad60000 ---p 00000000 00:00 0 
7ff0dad60000-7ff0dad62000 rw-p 00000000 00:00 0 
7ff0dad62000-7ff0dad63000 r--p 00025000 08:03 6430245                    /lib/x86_64-linux-gnu/ld-2.23.so
7ff0dad63000-7ff0dad64000 rw-p 00026000 08:03 6430245                    /lib/x86_64-linux-gnu/ld-2.23.so
7ff0dad64000-7ff0dad65000 rw-p 00000000 00:00 0 
7fffff296000-7fffff2b8000 rw-p 00000000 00:00 0                          [stack]
7fffff3ab000-7fffff3ad000 r--p 00000000 00:00 0                          [vvar]
7fffff3ad000-7fffff3af000 r-xp 00000000 00:00 0                          [vdso]
ffffffffff600000-ffffffffff601000 r-xp 00000000 00:00 0                  [vsyscall]

VM Arguments:
jvm_args: -Djava.awt.headless=true -Xmx1024M -Dfile.encoding=UTF-8 -Duser.country=US -Duser.language=en -Duser.variant 
java_command: com.android.dx.command.Main --dex --force-jumbo --num-threads=4 --multi-dex --output /home/vlad/Downloads/behe-explorer-master/app/build/intermediates/transforms/dex/debug/folders/1000/10/com.android.support-support-v4-24.1.1_d1f2fce990180de7b36c47bdb6ba6985e495e635 /home/vlad/Downloads/behe-explorer-master/app/build/intermediates/exploded-aar/com.android.support/support-v4/24.1.1/jars/classes.jar
java_class_path (initial): /home/vlad/Android/Sdk/build-tools/24.0.1/lib/dx.jar
Launcher Type: SUN_STANDARD

Environment Variables:
PATH=/home/vlad/bin:/home/vlad/.local/bin:/usr/local/sbin:/usr/local/bin:/usr/sbin:/usr/bin:/sbin:/bin:/usr/games:/usr/local/games:/snap/bin
LD_LIBRARY_PATH=.:
SHELL=/bin/bash
DISPLAY=:0

Signal Handlers:
SIGSEGV: [libjvm.so+0xa65880], sa_mask[0]=11111111011111111101111111111110, sa_flags=SA_RESTART|SA_SIGINFO
SIGBUS: [libjvm.so+0xa65880], sa_mask[0]=11111111011111111101111111111110, sa_flags=SA_RESTART|SA_SIGINFO
SIGFPE: [libjvm.so+0x8af1c0], sa_mask[0]=11111111011111111101111111111110, sa_flags=SA_RESTART|SA_SIGINFO
SIGPIPE: [libjvm.so+0x8af1c0], sa_mask[0]=11111111011111111101111111111110, sa_flags=SA_RESTART|SA_SIGINFO
SIGXFSZ: [libjvm.so+0x8af1c0], sa_mask[0]=11111111011111111101111111111110, sa_flags=SA_RESTART|SA_SIGINFO
SIGILL: [libjvm.so+0x8af1c0], sa_mask[0]=11111111011111111101111111111110, sa_flags=SA_RESTART|SA_SIGINFO
SIGUSR1: SIG_DFL, sa_mask[0]=00000000000000000000000000000000, sa_flags=none
SIGUSR2: [libjvm.so+0x8af070], sa_mask[0]=00100000000000000000000000000000, sa_flags=SA_RESTART|SA_SIGINFO
SIGHUP: [libjvm.so+0x8af540], sa_mask[0]=11111111011111111101111111111110, sa_flags=SA_RESTART|SA_SIGINFO
SIGINT: [libjvm.so+0x8af540], sa_mask[0]=11111111011111111101111111111110, sa_flags=SA_RESTART|SA_SIGINFO
SIGTERM: [libjvm.so+0x8af540], sa_mask[0]=11111111011111111101111111111110, sa_flags=SA_RESTART|SA_SIGINFO
SIGQUIT: [libjvm.so+0x8af540], sa_mask[0]=11111111011111111101111111111110, sa_flags=SA_RESTART|SA_SIGINFO


---------------  S Y S T E M  ---------------

OS:DISTRIB_ID=Ubuntu
DISTRIB_RELEASE=16.04
DISTRIB_CODENAME=xenial
DISTRIB_DESCRIPTION="Ubuntu 16.04.1 LTS"

uname:Linux 4.4.0-31-generic #50-Ubuntu SMP Wed Jul 13 00:07:12 UTC 2016 x86_64
libc:glibc 2.23 NPTL 2.23 
rlimit: STACK 8192k, CORE 0k, NPROC 12630, NOFILE 65536, AS infinity
load average:5,88 1,95 1,25

/proc/meminfo:
MemTotal:        3272536 kB
MemFree:           71348 kB
MemAvailable:      19492 kB
Buffers:             532 kB
Cached:            46684 kB
SwapCached:            0 kB
Active:          2998680 kB
Inactive:          34584 kB
Active(anon):    2988192 kB
Inactive(anon):    19848 kB
Active(file):      10488 kB
Inactive(file):    14736 kB
Unevictable:          16 kB
Mlocked:              16 kB
SwapTotal:             0 kB
SwapFree:              0 kB
Dirty:               148 kB
Writeback:             0 kB
AnonPages:       2986672 kB
Mapped:            60604 kB
Shmem:             21384 kB
Slab:              63148 kB
SReclaimable:      31352 kB
SUnreclaim:        31796 kB
KernelStack:       10832 kB
PageTables:        33608 kB
NFS_Unstable:          0 kB
Bounce:                0 kB
WritebackTmp:          0 kB
CommitLimit:     1636268 kB
Committed_AS:    6752052 kB
VmallocTotal:   34359738367 kB
VmallocUsed:           0 kB
VmallocChunk:          0 kB
HardwareCorrupted:     0 kB
AnonHugePages:   1515520 kB
CmaTotal:              0 kB
CmaFree:               0 kB
HugePages_Total:       0
HugePages_Free:        0
HugePages_Rsvd:        0
HugePages_Surp:        0
Hugepagesize:       2048 kB
DirectMap4k:      161472 kB
DirectMap2M:     3180544 kB


CPU:total 4 (4 cores per cpu, 1 threads per core) family 6 model 23 stepping 7, cmov, cx8, fxsr, mmx, sse, sse2, sse3, ssse3, sse4.1, tsc

/proc/cpuinfo:
processor	: 0
vendor_id	: GenuineIntel
cpu family	: 6
model		: 23
model name	: Intel(R) Core(TM)2 Quad  CPU   Q8200  @ 2.33GHz
stepping	: 7
microcode	: 0x703
cpu MHz		: 2336.000
cache size	: 2048 KB
physical id	: 0
siblings	: 4
core id		: 0
cpu cores	: 4
apicid		: 0
initial apicid	: 0
fpu		: yes
fpu_exception	: yes
cpuid level	: 10
wp		: yes
flags		: fpu vme de pse tsc msr pae mce cx8 apic sep mtrr pge mca cmov pat pse36 clflush dts acpi mmx fxsr sse sse2 ss ht tm pbe syscall nx lm constant_tsc arch_perfmon pebs bts rep_good nopl aperfmperf pni dtes64 monitor ds_cpl est tm2 ssse3 cx16 xtpr pdcm sse4_1 lahf_lm dtherm
bugs		:
bogomips	: 4655.15
clflush size	: 64
cache_alignment	: 64
address sizes	: 36 bits physical, 48 bits virtual
power management:

processor	: 1
vendor_id	: GenuineIntel
cpu family	: 6
model		: 23
model name	: Intel(R) Core(TM)2 Quad  CPU   Q8200  @ 2.33GHz
stepping	: 7
microcode	: 0x703
cpu MHz		: 2336.000
cache size	: 2048 KB
physical id	: 0
siblings	: 4
core id		: 1
cpu cores	: 4
apicid		: 1
initial apicid	: 1
fpu		: yes
fpu_exception	: yes
cpuid level	: 10
wp		: yes
flags		: fpu vme de pse tsc msr pae mce cx8 apic sep mtrr pge mca cmov pat pse36 clflush dts acpi mmx fxsr sse sse2 ss ht tm pbe syscall nx lm constant_tsc arch_perfmon pebs bts rep_good nopl aperfmperf pni dtes64 monitor ds_cpl est tm2 ssse3 cx16 xtpr pdcm sse4_1 lahf_lm dtherm
bugs		:
bogomips	: 4655.15
clflush size	: 64
cache_alignment	: 64
address sizes	: 36 bits physical, 48 bits virtual
power management:

processor	: 2
vendor_id	: GenuineIntel
cpu family	: 6
model		: 23
model name	: Intel(R) Core(TM)2 Quad  CPU   Q8200  @ 2.33GHz
stepping	: 7
microcode	: 0x703
cpu MHz		: 2336.000
cache size	: 2048 KB
physical id	: 0
siblings	: 4
core id		: 2
cpu cores	: 4
apicid		: 2
initial apicid	: 2
fpu		: yes
fpu_exception	: yes
cpuid level	: 10
wp		: yes
flags		: fpu vme de pse tsc msr pae mce cx8 apic sep mtrr pge mca cmov pat pse36 clflush dts acpi mmx fxsr sse sse2 ss ht tm pbe syscall nx lm constant_tsc arch_perfmon pebs bts rep_good nopl aperfmperf pni dtes64 monitor ds_cpl est tm2 ssse3 cx16 xtpr pdcm sse4_1 lahf_lm dtherm
bugs		:
bogomips	: 4655.15
clflush size	: 64
cache_alignment	: 64
address sizes	: 36 bits physical, 48 bits virtual
power management:

processor	: 3
vendor_id	: GenuineIntel
cpu family	: 6
model		: 23
model name	: Intel(R) Core(TM)2 Quad  CPU   Q8200  @ 2.33GHz
stepping	: 7
microcode	: 0x703
cpu MHz		: 2336.000
cache size	: 2048 KB
physical id	: 0
siblings	: 4
core id		: 3
cpu cores	: 4
apicid		: 3
initial apicid	: 3
fpu		: yes
fpu_exception	: yes
cpuid level	: 10
wp		: yes
flags		: fpu vme de pse tsc msr pae mce cx8 apic sep mtrr pge mca cmov pat pse36 clflush dts acpi mmx fxsr sse sse2 ss ht tm pbe syscall nx lm constant_tsc arch_perfmon pebs bts rep_good nopl aperfmperf pni dtes64 monitor ds_cpl est tm2 ssse3 cx16 xtpr pdcm sse4_1 lahf_lm dtherm
bugs		:
bogomips	: 4655.15
clflush size	: 64
cache_alignment	: 64
address sizes	: 36 bits physical, 48 bits virtual
power management:



Memory: 4k page, physical 3272536k(71348k free), swap 0k(0k free)

vm_info: OpenJDK 64-Bit Server VM (25.111-b14) for linux-amd64 JRE (1.8.0_111-8u111-b14-2ubuntu0.16.04.2-b14), built on Oct 27 2016 18:10:19 by "buildd" with gcc 5.4.0 20160609

time: Tue Nov 22 19:09:57 2016
elapsed time: 20 seconds (0d 0h 0m 20s)

